#
# There is insufficient memory for the Java Runtime Environment to continue.
# Native memory allocation (malloc) failed to allocate 1048576 bytes for AllocateHeap
# Possible reasons:
#   The system is out of physical RAM or swap space
#   The process is running with CompressedOops enabled, and the Java Heap may be blocking the growth of the native heap
# Possible solutions:
#   Reduce memory load on the system
#   Increase physical memory or swap space
#   Check if swap backing store is full
#   Decrease Java heap size (-Xmx/-Xms)
#   Decrease number of Java threads
#   Decrease Java thread stack sizes (-Xss)
#   Set larger code cache with -XX:ReservedCodeCacheSize=
#   JVM is running with Unscaled Compressed Oops mode in which the Java heap is
#     placed in the first 4GB address space. The Java Heap base address is the
#     maximum limit for the native heap growth. Please use -XX:HeapBaseMinAddress
#     to set the Java Heap base and to place the Java Heap above 4GB virtual address.
# This output file may be truncated or incomplete.
#
#  Out of Memory Error (memory/allocation.inline.hpp:61), pid=18004, tid=0x0000000000002e40
#
# JRE version:  (8.0_241-b07) (build )
# Java VM: Java HotSpot(TM) 64-Bit Server VM (25.241-b07 mixed mode windows-amd64 compressed oops)
# Failed to write core dump. Minidumps are not enabled by default on client versions of Windows
#

---------------  T H R E A D  ---------------

Current thread (0x00000000007de000):  JavaThread "Unknown thread" [_thread_in_vm, id=11840, stack(0x00000000026f0000,0x00000000027f0000)]

Stack: [0x00000000026f0000,0x00000000027f0000]
[error occurred during error reporting (printing stack bounds), id 0xc0000005]

Native frames: (J=compiled Java code, j=interpreted, Vv=VM code, C=native code)


---------------  P R O C E S S  ---------------

Java Threads: ( => current thread )

Other Threads:

=>0x00000000007de000 (exited) JavaThread "Unknown thread" [_thread_in_vm, id=11840, stack(0x00000000026f0000,0x00000000027f0000)]

VM state:not at safepoint (normal execution)

VM Mutex/Monitor currently owned by a thread: None

heap address: 0x00000000c2200000, size: 990 MB, Compressed Oops mode: 32-bit
Narrow klass base: 0x0000000000000000, Narrow klass shift: 3
Compressed class space size: 1073741824 Address: 0x0000000100000000

Heap:
 PSYoungGen      total 18432K, used 317K [0x00000000eb600000, 0x00000000eca80000, 0x0000000100000000)
  eden space 15872K, 2% used [0x00000000eb600000,0x00000000eb64f5d0,0x00000000ec580000)
  from space 2560K, 0% used [0x00000000ec800000,0x00000000ec800000,0x00000000eca80000)
  to   space 2560K, 0% used [0x00000000ec580000,0x00000000ec580000,0x00000000ec800000)
 ParOldGen       total 42496K, used 0K [0x00000000c2200000, 0x00000000c4b80000, 0x00000000eb600000)
  object space 42496K, 0% used [0x00000000c2200000,0x00000000c2200000,0x00000000c4b80000)
 Metaspace       used 752K, capacity 4480K, committed 4480K, reserved 1056768K
  class space    used 76K, capacity 384K, committed 384K, reserved 1048576K

Card table byte_map: [0x00000000120d0000,0x00000000122c0000] byte_map_base: 0x0000000011abf000

Marking Bits: (ParMarkBitMap*) 0x000000006dd0be30
 Begin Bits: [0x0000000012810000, 0x0000000013788000)
 End Bits:   [0x0000000013788000, 0x0000000014700000)

Polling page: 0x00000000010a0000

CodeCache: size=245760Kb used=327Kb max_used=327Kb free=245432Kb
 bounds [0x0000000002d10000, 0x0000000002f80000, 0x0000000011d10000]
 total_blobs=57 nmethods=0 adapters=38
 compilation: enabled

Compilation events (0 events):
No events

GC Heap History (0 events):
No events

Deoptimization events (0 events):
No events

Classes redefined (0 events):
No events

Internal exceptions (0 events):
No events

Events (10 events):
Event: 0.067 loading class java/lang/Short
Event: 0.067 loading class java/lang/Short done
Event: 0.067 loading class java/lang/Integer
Event: 0.067 loading class java/lang/Integer done
Event: 0.067 loading class java/lang/Long
Event: 0.068 loading class java/lang/Long done
Event: 0.070 loading class java/lang/NullPointerException
Event: 0.070 loading class java/lang/NullPointerException done
Event: 0.070 loading class java/lang/ArithmeticException
Event: 0.070 loading class java/lang/ArithmeticException done


Dynamic libraries:
0x00007ff6fcae0000 - 0x00007ff6fcb17000 	C:\Program Files\Java\jre1.8.0_241\bin\javaw.exe
0x00007ff905460000 - 0x00007ff905650000 	C:\WINDOWS\SYSTEM32\ntdll.dll
0x00007ff9042f0000 - 0x00007ff9043a2000 	C:\WINDOWS\System32\KERNEL32.DLL
0x00007ff9027f0000 - 0x00007ff902a93000 	C:\WINDOWS\System32\KERNELBASE.dll
0x00007ff903690000 - 0x00007ff903733000 	C:\WINDOWS\System32\ADVAPI32.dll
0x00007ff903d90000 - 0x00007ff903e2e000 	C:\WINDOWS\System32\msvcrt.dll
0x00007ff9035e0000 - 0x00007ff903677000 	C:\WINDOWS\System32\sechost.dll
0x00007ff904d30000 - 0x00007ff904e50000 	C:\WINDOWS\System32\RPCRT4.dll
0x00007ff903740000 - 0x00007ff9038d4000 	C:\WINDOWS\System32\USER32.dll
0x00007ff9034e0000 - 0x00007ff903501000 	C:\WINDOWS\System32\win32u.dll
0x00007ff903ba0000 - 0x00007ff903bc6000 	C:\WINDOWS\System32\GDI32.dll
0x00007ff902aa0000 - 0x00007ff902c34000 	C:\WINDOWS\System32\gdi32full.dll
0x00007ff902650000 - 0x00007ff9026ee000 	C:\WINDOWS\System32\msvcp_win.dll
0x00007ff9026f0000 - 0x00007ff9027ea000 	C:\WINDOWS\System32\ucrtbase.dll
0x00007ff8f4b50000 - 0x00007ff8f4dd5000 	C:\WINDOWS\WinSxS\amd64_microsoft.windows.common-controls_6595b64144ccf1df_6.0.18362.720_none_e6beb5c51314836b\COMCTL32.dll
0x00007ff903ee0000 - 0x00007ff904216000 	C:\WINDOWS\System32\combase.dll
0x00007ff9025d0000 - 0x00007ff902650000 	C:\WINDOWS\System32\bcryptPrimitives.dll
0x00007ff903aa0000 - 0x00007ff903ace000 	C:\WINDOWS\System32\IMM32.DLL
0x000000006c6c0000 - 0x000000006c792000 	C:\Program Files\Java\jre1.8.0_241\bin\msvcr100.dll
0x000000006d4e0000 - 0x000000006dd8c000 	C:\Program Files\Java\jre1.8.0_241\bin\server\jvm.dll
0x00007ff903bd0000 - 0x00007ff903bd8000 	C:\WINDOWS\System32\PSAPI.DLL
0x00007ff8f9fc0000 - 0x00007ff8f9fca000 	C:\WINDOWS\SYSTEM32\VERSION.dll
0x00007ff8fc5a0000 - 0x00007ff8fc5a9000 	C:\WINDOWS\SYSTEM32\WSOCK32.dll
0x00007ff903c60000 - 0x00007ff903ccf000 	C:\WINDOWS\System32\WS2_32.dll
0x00007ff8f8f00000 - 0x00007ff8f8f24000 	C:\WINDOWS\SYSTEM32\WINMM.dll
0x00007ff8f8ed0000 - 0x00007ff8f8efd000 	C:\WINDOWS\SYSTEM32\winmmbase.dll
0x00007ff902cf0000 - 0x00007ff902d3a000 	C:\WINDOWS\System32\cfgmgr32.dll
0x00007ff8fc380000 - 0x00007ff8fc38f000 	C:\Program Files\Java\jre1.8.0_241\bin\verify.dll
0x00007ff8f03a0000 - 0x00007ff8f03c9000 	C:\Program Files\Java\jre1.8.0_241\bin\java.dll
0x00007ff8f1d70000 - 0x00007ff8f1d86000 	C:\Program Files\Java\jre1.8.0_241\bin\zip.dll

VM Arguments:
jvm_args: -Dfile.encoding=MS949 -Xbootclasspath:C:\Program Files\Java\jre1.8.0_241\lib\resources.jar;C:\Program Files\Java\jre1.8.0_241\lib\rt.jar;C:\Program Files\Java\jre1.8.0_241\lib\jsse.jar;C:\Program Files\Java\jre1.8.0_241\lib\jce.jar;C:\Program Files\Java\jre1.8.0_241\lib\charsets.jar;C:\Program Files\Java\jre1.8.0_241\lib\jfr.jar;C:\Program Files\Java\jre1.8.0_241\lib\ojdbc6.jar 
java_command: Sample03
java_class_path (initial): C:\DATA\JAVA\2020-03-30\Ex03\bin
Launcher Type: SUN_STANDARD

Environment Variables:
PATH=C:/Program Files/Java/jre1.8.0_241/bin/server;C:/Program Files/Java/jre1.8.0_241/bin;C:/Program Files/Java/jre1.8.0_241/lib/amd64;C:\oraclexe\app\oracle\product\11.2.0\server\bin;;C:\Program Files (x86)\Common Files\Oracle\Java\javapath;C:\ProgramData\Oracle\Java\javapath;C:\Program Files (x86)\Intel\iCLS Client\;C:\Program Files\Intel\iCLS Client\;C:\WINDOWS\system32;C:\WINDOWS;C:\WINDOWS\System32\Wbem;C:\WINDOWS\System32\WindowsPowerShell\v1.0\;C:\Program Files (x86)\Intel\Intel(R) Management Engine Components\DAL;C:\Program Files\Intel\Intel(R) Management Engine Components\DAL;C:\Program Files (x86)\Intel\Intel(R) Management Engine Components\IPT;C:\Program Files\Intel\Intel(R) Management Engine Components\IPT;C:\WINDOWS\System32\OpenSSH\;C:\Users\whwls\AppData\Local\Microsoft\WindowsApps;;C:\Users\whwls\Desktop;
USERNAME=whwls
OS=Windows_NT
PROCESSOR_IDENTIFIER=Intel64 Family 6 Model 78 Stepping 3, GenuineIntel



---------------  S Y S T E M  ---------------

OS: Windows 10.0 , 64 bit Build 18362 (10.0.18362.329)

CPU:total 4 (initial active 4) (2 cores per cpu, 2 threads per core) family 6 model 78 stepping 3, cmov, cx8, fxsr, mmx, sse, sse2, sse3, ssse3, sse4.1, sse4.2, popcnt, aes, clmul, erms, 3dnowpref, lzcnt, ht, tsc, tscinvbit

Memory: 4k page, physical 4054700k(1014740k free), swap 16637612k(5532k free)

vm_info: Java HotSpot(TM) 64-Bit Server VM (25.241-b07) for windows-amd64 JRE (1.8.0_241-b07), built on Dec 11 2019 10:21:40 by "rejava" with MS VC++ 10.0 (VS2010)

time: Mon Mar 30 18:48:02 2020
timezone: 대한민국 표준시
elapsed time: 0 seconds (0d 0h 0m 0s)

